Arguments: 
  C:\Program Files\nodejs\node.exe C:\Users\t.tran\AppData\Roaming\npm\node_modules\yarn\bin\yarn.js add bobwai--l-view-main-content

PATH: 
  C:\Python310\Scripts\;C:\Python310\;C:\Windows\system32;C:\Windows;C:\Windows\System32\Wbem;C:\Windows\System32\WindowsPowerShell\v1.0\;C:\Windows\System32\OpenSSH\;C:\Program Files\dotnet\;C:\Program Files\nodejs\;C:\ProgramData\chocolatey\bin;C:\Program Files\Git\cmd;C:\Users\t.tran\AppData\Local\Microsoft\WindowsApps;C:\Users\t.tran\.dotnet\tools;C:\Users\t.tran\AppData\Roaming\npm;C:\Users\t.tran\AppData\Local\Programs\Microsoft VS Code\bin

Yarn version: 
  1.22.17

Node version: 
  16.13.1

Platform: 
  win32 x64

Trace: 
  Error: https://pkgs.dev.azure.com/storeit/_packaging/bobwai-npm/npm/registry/bobwai--l-view-main-content: NotFound
      at Request.params.callback [as _callback] (C:\Users\t.tran\AppData\Roaming\npm\node_modules\yarn\lib\cli.js:67029:18)
      at Request.self.callback (C:\Users\t.tran\AppData\Roaming\npm\node_modules\yarn\lib\cli.js:140883:22)
      at Request.emit (node:events:390:28)
      at Request.<anonymous> (C:\Users\t.tran\AppData\Roaming\npm\node_modules\yarn\lib\cli.js:141855:10)
      at Request.emit (node:events:390:28)
      at IncomingMessage.<anonymous> (C:\Users\t.tran\AppData\Roaming\npm\node_modules\yarn\lib\cli.js:141777:12)
      at Object.onceWrapper (node:events:509:28)
      at IncomingMessage.emit (node:events:402:35)
      at endReadableNT (node:internal/streams/readable:1343:12)
      at processTicksAndRejections (node:internal/process/task_queues:83:21)

npm manifest: 
  {
    "name": "bobril-assignment",
    "version": "1.0.0",
    "description": "Bobril assignment",
    "main": "index.tsx",
    "author": "Tadeas Tran",
    "license": "MIT",
    "dependencies": {
      "bobril": "^18.0.0",
      "bobwai--app-header": "^4.0.4",
      "bobwai--avatar": "^2.1.1",
      "bobwai--button": "^7.4.2",
      "bobwai--chat": "^9.1.3",
      "bobwai--empty-state": "^2.2.1",
      "bobwai--filter": "^6.7.0",
      "bobwai--font": "^4.1.0",
      "bobwai--icon": "^18.12.3",
      "bobwai--l-app": "^3.3.1",
      "bobwai--l-center": "^3.1.0",
      "bobwai--l-view-main": "^3.1.1",
      "bobwai--l-view-sidebar": "^5.1.1",
      "bobwai--sidebar": "^2.0.10",
      "bobwai--viewer-container": "^4.7.0",
      "bobx": "^0.29.0"
    }
  }

yarn manifest: 
  No manifest

Lockfile: 
  # THIS IS AN AUTOGENERATED FILE. DO NOT EDIT THIS FILE DIRECTLY.
  # yarn lockfile v1
  
  
  "@bobwai/badge@*":
    version "1.2.0"
    resolved "https://pkgs.dev.azure.com/storeit/_packaging/bobwai-npm/npm/registry/@bobwai/badge/-/badge-1.2.0.tgz#79558b67128835720603d5ed81724180de3100c3"
    integrity sha1-eVWLZxKINXIGA9XtgXJBgN4xAMM=
    dependencies:
      bobril "*"
      bobwai--design-tokens "*"
      bobwai--icon "*"
      bobwai--icon-svg "*"
      helpers--icon-renderer "*"
  
  "@bobwai/button@*":
    version "1.7.2"
    resolved "https://pkgs.dev.azure.com/storeit/_packaging/bobwai-npm/npm/registry/@bobwai/button/-/button-1.7.2.tgz#113692ce463086a32855fbcc42900fbafa8d514f"
    integrity sha1-ETaSzkYwhqMoVfvMQpAPuvqNUU8=
    dependencies:
      "@bobwai/badge" "*"
      bobril "*"
      bobwai--action-with-window "*"
      bobwai--design-tokens "*"
      bobwai--form-elements "*"
      bobwai--icon "*"
      bobwai--icon-svg "*"
      bobwai--style-mixins "*"
      bobwai--tooltip-ellipsis "*"
      bobwai--tooltip-emplacer "*"
      helpers--focusable-component "*"
      helpers--icon-renderer "*"
      helpers--key-codes "*"
      helpers--web-content-accessibility "*"
  
  "@bobwai/l-stack@*":
    version "1.0.4"
    resolved "https://pkgs.dev.azure.com/storeit/_packaging/bobwai-npm/npm/registry/@bobwai/l-stack/-/l-stack-1.0.4.tgz#c75dff017ee66a2a948fe4d215300c90e2efa326"
    integrity sha1-x13/AX7maiqUj+TSFTAMkOLvoyY=
    dependencies:
      bobril "*"
      bobwai--design-tokens "*"
  
  "@bobwai/typography@*":
    version "0.0.4"
    resolved "https://pkgs.dev.azure.com/storeit/_packaging/bobwai-npm/npm/registry/@bobwai/typography/-/typography-0.0.4.tgz#5362fc8a9ef1bcf1cf856446e3486ab72b3eaca7"
    integrity sha1-U2L8ip7xvPHPhWRG40hqtys+rKc=
    dependencies:
      bobril "*"
      bobwai--design-tokens "*"
      bobwai--form-elements "*"
      bobwai--style-mixins "*"
  
  bobflux@*:
    version "10.0.2"
    resolved "https://pkgs.dev.azure.com/storeit/_packaging/bobwai-npm/npm/registry/bobflux/-/bobflux-10.0.2.tgz#7ee9c383bb06e6d0fc3dda622765d6602382a231"
    integrity sha1-funDg7sG5tD8PdpiJ2XWYCOCojE=
    dependencies:
      bobril "*"
      fun-model "6.*"
  
  bobril-g11n@*:
    version "5.0.4"
    resolved "https://pkgs.dev.azure.com/storeit/_packaging/bobwai-npm/npm/registry/bobril-g11n/-/bobril-g11n-5.0.4.tgz#4ed9789a67a2453927dfd268b3239d93fb22afce"
    integrity sha1-Ttl4mmeiRTkn39JosyOdk/sir84=
    dependencies:
      bobril "*"
      moment "^2.10.6"
  
  bobril@*, bobril@^18.0.0:
    version "18.0.0"
    resolved "https://pkgs.dev.azure.com/storeit/_packaging/bobwai-npm/npm/registry/bobril/-/bobril-18.0.0.tgz#b4883f3b03ad97ee597ca5e251a9793758222ecd"
    integrity sha1-tIg/OwOtl+5ZfKXiUal5N1giLs0=
  
  bobwai--action-with-window@*:
    version "5.20.0"
    resolved "https://pkgs.dev.azure.com/storeit/_packaging/bobwai-npm/npm/registry/bobwai--action-with-window/-/bobwai--action-with-window-5.20.0.tgz#2f5d71b326a1fe0928ce63b3790d571b3d187dd8"
    integrity sha1-L11xsyah/gkozmOzeQ1XGz0Yfdg=
    dependencies:
      "@bobwai/l-stack" "*"
      bobril "*"
      bobwai--animation "*"
      bobwai--animation-frame "*"
      bobwai--color "*"
      bobwai--design-tokens "*"
      bobwai--focus-locker "*"
      bobwai--form-elements "*"
      bobwai--keyboard-events "*"
      bobwai--overlay "*"
      bobwai--panel-header "*"
      bobwai--style-mixins "*"
      helpers--key-codes "*"
      helpers--web-content-accessibility "*"
  
  bobwai--animation-frame@*:
    version "2.3.3"
    resolved "https://pkgs.dev.azure.com/storeit/_packaging/bobwai-npm/npm/registry/bobwai--animation-frame/-/bobwai--animation-frame-2.3.3.tgz#e694716bf0cb0978fddb0f6126701acd99db4f24"
    integrity sha1-5pRxa/DLCXj92w9hJnAazZnbTyQ=
    dependencies:
      bobril "*"
      bobwai--animation "*"
  
  bobwai--animation@*:
    version "1.1.3"
    resolved "https://pkgs.dev.azure.com/storeit/_packaging/bobwai-npm/npm/registry/bobwai--animation/-/bobwai--animation-1.1.3.tgz#6a5dcbcaf92396ce335db21ed6dfdb3f70c9999b"
    integrity sha1-al3Lyvkjls4zXbIe1t/bP3DJmZs=
    dependencies:
      bobril "*"
  
  bobwai--app-header@^4.0.4:
    version "4.0.4"
    resolved "https://pkgs.dev.azure.com/storeit/_packaging/bobwai-npm/npm/registry/bobwai--app-header/-/bobwai--app-header-4.0.4.tgz#b490683d5e50c95f6429d511e7a8da77ccff9749"
    integrity sha1-tJBoPV5QyV9kKdUR56jad8z/l0k=
    dependencies:
      bobril "*"
      bobwai--color "*"
  
  bobwai--avatar@*, bobwai--avatar@^2.1.1:
    version "2.1.1"
    resolved "https://pkgs.dev.azure.com/storeit/_packaging/bobwai-npm/npm/registry/bobwai--avatar/-/bobwai--avatar-2.1.1.tgz#a1fd14df312936cba0d575649396764c559b6576"
    integrity sha1-of0U3zEpNsug1XVkk5Z2TFWbZXY=
    dependencies:
      bobril "*"
      bobwai--color "*"
      bobwai--font "*"
      bobwai--icon "*"
      bobwai--image "*"
      bobwai--style-mixins "*"
  
  bobwai--button@*, bobwai--button@^7.4.2:
    version "7.4.2"
    resolved "https://pkgs.dev.azure.com/storeit/_packaging/bobwai-npm/npm/registry/bobwai--button/-/bobwai--button-7.4.2.tgz#0f51cfc1f11b57261400181b2fd62bc012392d44"
    integrity sha1-D1HPwfEbVyYUABgbL9YrwBI5LUQ=
    dependencies:
      bobril "*"
      bobwai--color "*"
      bobwai--color-operations "*"
      bobwai--design-tokens "*"
      bobwai--focus "*"
      bobwai--font "*"
      bobwai--form-elements "*"
      bobwai--style-mixins "*"
      bobwai--tooltip-ellipsis "*"
      helpers--key-codes "*"
  
  bobwai--chat@^9.1.3:
    version "9.1.3"
    resolved "https://pkgs.dev.azure.com/storeit/_packaging/bobwai-npm/npm/registry/bobwai--chat/-/bobwai--chat-9.1.3.tgz#e0ceee9d9e7af0ac63199d65b743c6ca147d9cc4"
    integrity sha1-4M7unZ568KxjGZ1lt0PGyhR9nMQ=
    dependencies:
      bobflux "*"
      bobril "*"
      bobril-g11n "*"
      bobwai--action-with-window "*"
      bobwai--button "*"
      bobwai--color "*"
      bobwai--context-menu "*"
      bobwai--form-elements "*"
      bobwai--icon "*"
      bobwai--icon-checkbox "*"
      bobwai--keyboard-events "*"
      bobwai--scroll-shadow "*"
      bobwai--state-icon "*"
      bobwai--style-mixins "*"
      bobwai--textarea "*"
      bobwai--textarea-tagged "*"
      bobwai--tooltip-ellipsis "*"
      helpers--rtl-text "*"
      helpers--validations "*"
  
  bobwai--color-operations@*:
    version "4.8.5"
    resolved "https://pkgs.dev.azure.com/storeit/_packaging/bobwai-npm/npm/registry/bobwai--color-operations/-/bobwai--color-operations-4.8.5.tgz#103c3ffea2d100f8a31bb4c3c3959f8d1a34e2d1"
    integrity sha1-EDw//qLRAPijG7TDw5WfjRo04tE=
  
  bobwai--color@*:
    version "4.10.0"
    resolved "https://pkgs.dev.azure.com/storeit/_packaging/bobwai-npm/npm/registry/bobwai--color/-/bobwai--color-4.10.0.tgz#9222a43be5add032e351a56c8bcaaf41f0b88b81"
    integrity sha1-kiKkO+Wt0DLjUaVsi8qvQfC4i4E=
    dependencies:
      bobril "*"
      bobwai--color-operations "*"
  
  bobwai--context-menu@*:
    version "7.19.1"
    resolved "https://pkgs.dev.azure.com/storeit/_packaging/bobwai-npm/npm/registry/bobwai--context-menu/-/bobwai--context-menu-7.19.1.tgz#a4aea1f0c3c3d6a2f82424910f5aafbf288ebd7c"
    integrity sha1-pK6h8MPD1qL4JCSRD1qvvyiOvXw=
    dependencies:
      "@bobwai/badge" "*"
      bobril "*"
      bobril-g11n "*"
      bobwai--color "*"
      bobwai--design-tokens "*"
      bobwai--focus-locker "*"
      bobwai--font "*"
      bobwai--icon "*"
      bobwai--l-block "*"
      bobwai--overlay "*"
      bobwai--style-mixins "*"
      bobwai--tooltip-emplacer "*"
      helpers--clipboard "*"
      helpers--icon-renderer "*"
      helpers--key-codes "*"
      helpers--ui-framework-switcher "*"
      helpers--web-content-accessibility "*"
  
  bobwai--design-tokens@*:
    version "5.0.0"
    resolved "https://pkgs.dev.azure.com/storeit/_packaging/bobwai-npm/npm/registry/bobwai--design-tokens/-/bobwai--design-tokens-5.0.0.tgz#9bb58601810dfde19753a6958458644e02d815d0"
    integrity sha1-m7WGAYEN/eGXU6aVhFhkTgLYFdA=
    dependencies:
      bobril "*"
  
  bobwai--empty-state@^2.2.1:
    version "2.2.1"
    resolved "https://pkgs.dev.azure.com/storeit/_packaging/bobwai-npm/npm/registry/bobwai--empty-state/-/bobwai--empty-state-2.2.1.tgz#ca66a460146891272118c5dc0570ec4edc58a18c"
    integrity sha1-ymakYBRokSchGMXcBXDsTtxYoYw=
    dependencies:
      "@bobwai/button" "*"
      "@bobwai/typography" "*"
      bobril "*"
      bobwai--color "*"
      bobwai--design-tokens "*"
      bobwai--font "*"
      bobwai--icon "*"
      bobwai--icon-svg "*"
      helpers--ui-framework-switcher "*"
  
  bobwai--filter@^6.7.0:
    version "6.7.0"
    resolved "https://pkgs.dev.azure.com/storeit/_packaging/bobwai-npm/npm/registry/bobwai--filter/-/bobwai--filter-6.7.0.tgz#5ebc14d378ecbe1fa37c4af5d1d254fc81cde4ed"
    integrity sha1-XrwU03jsvh+jfEr10dJU/IHN5O0=
    dependencies:
      bobril "*"
      bobril-g11n "*"
      bobwai--color "*"
      bobwai--icon "*"
      bobwai--icon-svg "*"
      bobwai--state-icon "*"
      bobwai--textbox "*"
      helpers--rtl-text "*"
      helpers--ui-framework-switcher "*"
  
  bobwai--focus-locker@*:
    version "1.0.1"
    resolved "https://pkgs.dev.azure.com/storeit/_packaging/bobwai-npm/npm/registry/bobwai--focus-locker/-/bobwai--focus-locker-1.0.1.tgz#5688d0d8517bcfdf48d574914b5fcf15a381ec67"
    integrity sha1-VojQ2FF7z99I1XSRS1/PFaOB7Gc=
    dependencies:
      bobril "*"
  
  bobwai--focus@*:
    version "1.18.2"
    resolved "https://pkgs.dev.azure.com/storeit/_packaging/bobwai-npm/npm/registry/bobwai--focus/-/bobwai--focus-1.18.2.tgz#0c92b5ad683f0ca5946ba02a84b0872cac6f7711"
    integrity sha1-DJK1rWg/DKWUa6AqhLCHLKxvdxE=
    dependencies:
      bobril "*"
      bobwai--color "*"
      bobwai--design-tokens "*"
      bobwai--style-mixins "*"
      helpers--ui-framework-switcher "*"
      helpers--web-content-accessibility "*"
  
  bobwai--font@*, bobwai--font@^4.1.0:
    version "4.1.0"
    resolved "https://pkgs.dev.azure.com/storeit/_packaging/bobwai-npm/npm/registry/bobwai--font/-/bobwai--font-4.1.0.tgz#5b17d166c67177dfcd08bee141b024eea0a6dee3"
    integrity sha1-WxfRZsZxd9/NCL7hQbAk7qCm3uM=
    dependencies:
      bobril "*"
      bobwai--color "*"
      bobwai--color-operations "*"
      bobwai--design-tokens "*"
      helpers--ui-framework-switcher "*"
  
  bobwai--form-elements@*:
    version "3.4.0"
    resolved "https://pkgs.dev.azure.com/storeit/_packaging/bobwai-npm/npm/registry/bobwai--form-elements/-/bobwai--form-elements-3.4.0.tgz#aadf10c85f118815cf269f499517d2771d1b9f73"
    integrity sha1-qt8QyF8RiBXPJp9JlRfSdx0bn3M=
    dependencies:
      bobril "*"
      bobwai--style-mixins "*"
  
  bobwai--header-text@*:
    version "3.7.0"
    resolved "https://pkgs.dev.azure.com/storeit/_packaging/bobwai-npm/npm/registry/bobwai--header-text/-/bobwai--header-text-3.7.0.tgz#4789a322bd7c618a003a58294850e5f380d50058"
    integrity sha1-R4mjIr18YYoAOlgpSFDl84DVAFg=
    dependencies:
      bobril "*"
      bobwai--color "*"
      bobwai--font "*"
      bobwai--style-mixins "*"
      bobwai--tooltip-ellipsis "*"
      helpers--web-content-accessibility "*"
  
  bobwai--horizontal-scroll-correction@*:
    version "1.0.6"
    resolved "https://pkgs.dev.azure.com/storeit/_packaging/bobwai-npm/npm/registry/bobwai--horizontal-scroll-correction/-/bobwai--horizontal-scroll-correction-1.0.6.tgz#d7abee711fa48a131808e13773554fe0736f6849"
    integrity sha1-16vucR+kihMYCOE3c1VP4HNvaEk=
    dependencies:
      bobril "*"
  
  bobwai--icon-checkbox@*:
    version "1.3.0"
    resolved "https://pkgs.dev.azure.com/storeit/_packaging/bobwai-npm/npm/registry/bobwai--icon-checkbox/-/bobwai--icon-checkbox-1.3.0.tgz#e937670f78ae442034ebac310de2b39ce13f2bc1"
    integrity sha1-6TdnD3iuRCA066wxDeKznOE/K8E=
    dependencies:
      bobril "*"
      bobwai--focus "*"
      helpers--key-codes "*"
      helpers--web-content-accessibility "*"
  
  bobwai--icon-svg@*:
    version "4.0.43"
    resolved "https://pkgs.dev.azure.com/storeit/_packaging/bobwai-npm/npm/registry/bobwai--icon-svg/-/bobwai--icon-svg-4.0.43.tgz#7ccdf6a3ead3f4dc9894b56becd968b34457c6cf"
    integrity sha1-fM32o+rT9NyYlLVr7Nlos0RXxs8=
    dependencies:
      bobril "*"
      bobwai--design-tokens "*"
      bobwai--icon "*"
  
  bobwai--icon@*, bobwai--icon@^18.12.3:
    version "18.12.3"
    resolved "https://pkgs.dev.azure.com/storeit/_packaging/bobwai-npm/npm/registry/bobwai--icon/-/bobwai--icon-18.12.3.tgz#d6c9d3244da95acfa570e870e76ec417e4ccd71c"
    integrity sha1-1snTJE2pWs+lcOhw527EF+TM1xw=
    dependencies:
      bobril "*"
      bobwai--color "*"
  
  bobwai--image@*:
    version "2.7.0"
    resolved "https://pkgs.dev.azure.com/storeit/_packaging/bobwai-npm/npm/registry/bobwai--image/-/bobwai--image-2.7.0.tgz#7a2ef67110a48fff92c4ddd2434f6237b9f6553c"
    integrity sha1-ei72cRCkj/+SxN3SQ09iN7n2VTw=
    dependencies:
      bobril "*"
      bobwai--color "*"
      bobwai--form-elements "*"
      bobwai--icon "*"
      bobwai--l-center "*"
      bobwai--style-mixins "*"
      helpers--web-content-accessibility "*"
  
  bobwai--keyboard-events@*:
    version "3.1.5"
    resolved "https://pkgs.dev.azure.com/storeit/_packaging/bobwai-npm/npm/registry/bobwai--keyboard-events/-/bobwai--keyboard-events-3.1.5.tgz#bfa3bcd94c01ea4c7826cc8871d5f9b8bb2b4ace"
    integrity sha1-v6O82UwB6kx4JsyIcdX5uLsrSs4=
    dependencies:
      bobril "*"
      bobwai--textbox "*"
  
  bobwai--l-app@*, bobwai--l-app@^3.3.1:
    version "3.3.1"
    resolved "https://pkgs.dev.azure.com/storeit/_packaging/bobwai-npm/npm/registry/bobwai--l-app/-/bobwai--l-app-3.3.1.tgz#42c52324bba3bbb3c65f012096168731f91377cc"
    integrity sha1-QsUjJLuju7PGXwEglhaHMfkTd8w=
    dependencies:
      bobril "*"
      bobwai--design-tokens "*"
      helpers--ui-framework-switcher "*"
  
  bobwai--l-block@*:
    version "3.0.2"
    resolved "https://pkgs.dev.azure.com/storeit/_packaging/bobwai-npm/npm/registry/bobwai--l-block/-/bobwai--l-block-3.0.2.tgz#f12740671d3ce3c57e7c67de52a252f9cf32440c"
    integrity sha1-8SdAZx0848V+fGfeUqJS+c8yRAw=
    dependencies:
      bobril "*"
  
  bobwai--l-center@*, bobwai--l-center@^3.1.0:
    version "3.1.0"
    resolved "https://pkgs.dev.azure.com/storeit/_packaging/bobwai-npm/npm/registry/bobwai--l-center/-/bobwai--l-center-3.1.0.tgz#b6167c5e3095f2c93df675747958505537d69bed"
    integrity sha1-thZ8XjCV8sk99nV0eVhQVTfWm+0=
    dependencies:
      bobril "*"
      bobwai--style-mixins "*"
  
  bobwai--l-inline-items@*:
    version "2.11.0"
    resolved "https://pkgs.dev.azure.com/storeit/_packaging/bobwai-npm/npm/registry/bobwai--l-inline-items/-/bobwai--l-inline-items-2.11.0.tgz#426e60ae1c64b83e95a5227095d19df4e69f131f"
    integrity sha1-Qm5grhxkuD6VpSJwldGd9OafEx8=
    dependencies:
      bobril "*"
      bobwai--font "*"
      bobwai--form-elements "*"
  
  bobwai--l-view-app-breadcrumb@*:
    version "5.0.3"
    resolved "https://pkgs.dev.azure.com/storeit/_packaging/bobwai-npm/npm/registry/bobwai--l-view-app-breadcrumb/-/bobwai--l-view-app-breadcrumb-5.0.3.tgz#f798564d165cc98eab863e22eb7bbc01414d3705"
    integrity sha1-95hWTRZcyY6rhj4i63u8AUFNNwU=
    dependencies:
      bobril "*"
      bobwai--color "*"
      bobwai--color-operations "*"
      bobwai--horizontal-scroll-correction "*"
      bobwai--l-app "*"
      bobwai--l-view-app-header "*"
  
  bobwai--l-view-app-header@*:
    version "4.1.0"
    resolved "https://pkgs.dev.azure.com/storeit/_packaging/bobwai-npm/npm/registry/bobwai--l-view-app-header/-/bobwai--l-view-app-header-4.1.0.tgz#d46f2aa66db8a5b5d4eaacd8b97ffc0e0a610b74"
    integrity sha1-1G8qpm24pbXU6qzYuX/8DgphC3Q=
    dependencies:
      bobril "*"
      bobwai--horizontal-scroll-correction "*"
      bobwai--l-app "*"
  
  bobwai--l-view-app-toolbar@*:
    version "3.0.3"
    resolved "https://pkgs.dev.azure.com/storeit/_packaging/bobwai-npm/npm/registry/bobwai--l-view-app-toolbar/-/bobwai--l-view-app-toolbar-3.0.3.tgz#e0ad7e58bd6b08b856d626609d082de3b618be55"
    integrity sha1-4K1+WL1rCLhW1iZgnQgt47YYvlU=
    dependencies:
      bobril "*"
      bobwai--horizontal-scroll-correction "*"
      bobwai--l-app "*"
      bobwai--l-view-app-breadcrumb "*"
      bobwai--l-view-app-header "*"
      bobwai--toolbar "*"
  
  bobwai--l-view-main@^3.1.1:
    version "3.1.1"
    resolved "https://pkgs.dev.azure.com/storeit/_packaging/bobwai-npm/npm/registry/bobwai--l-view-main/-/bobwai--l-view-main-3.1.1.tgz#770247645c59342eed7e5369dcda8ca5b81ab8be"
    integrity sha1-dwJHZFxZNC7tflNp3NqMpbgauL4=
    dependencies:
      bobril "*"
      bobwai--design-tokens "*"
      bobwai--l-app "*"
      bobwai--l-view-app-breadcrumb "*"
      bobwai--l-view-app-header "*"
      bobwai--l-view-app-toolbar "*"
      bobwai--l-view-sidebar "*"
  
  bobwai--l-view-sidebar@*, bobwai--l-view-sidebar@^5.1.1:
    version "5.1.1"
    resolved "https://pkgs.dev.azure.com/storeit/_packaging/bobwai-npm/npm/registry/bobwai--l-view-sidebar/-/bobwai--l-view-sidebar-5.1.1.tgz#61ca449fa7d9aad42af76e9c06aa935038608213"
    integrity sha1-YcpEn6fZqtQq926cBqqTUDhgghM=
    dependencies:
      bobril "*"
      bobwai--color "*"
      bobwai--design-tokens "*"
      bobwai--horizontal-scroll-correction "*"
      bobwai--l-app "*"
      bobwai--l-view-app-breadcrumb "*"
      bobwai--l-view-app-header "*"
      bobwai--l-view-app-toolbar "*"
      bobwai--tab-item "*"
      helpers--ui-framework-switcher "*"
  
  bobwai--label@*:
    version "4.4.2"
    resolved "https://pkgs.dev.azure.com/storeit/_packaging/bobwai-npm/npm/registry/bobwai--label/-/bobwai--label-4.4.2.tgz#7a830b62145fe98fe54ccf1bdd9e5a270e5f0fa9"
    integrity sha1-eoMLYhRf6Y/lTM8b3Z5aJw5fD6k=
    dependencies:
      bobril "*"
      bobwai--color "*"
      bobwai--design-tokens "*"
      bobwai--font "*"
      bobwai--form-elements "*"
      bobwai--style-mixins "*"
      bobwai--tooltip-ellipsis "*"
      helpers--ui-framework-switcher "*"
      helpers--web-content-accessibility "*"
  
  bobwai--overlay@*:
    version "2.2.0"
    resolved "https://pkgs.dev.azure.com/storeit/_packaging/bobwai-npm/npm/registry/bobwai--overlay/-/bobwai--overlay-2.2.0.tgz#f094eb29252b8d0fd16c066c1e4349a7ba1dbc2d"
    integrity sha1-8JTrKSUrjQ/RbAZsHkNJp7odvC0=
    dependencies:
      bobril "*"
      bobwai--button "*"
      helpers--ui-framework-switcher "*"
  
  bobwai--panel-header@*:
    version "2.5.0"
    resolved "https://pkgs.dev.azure.com/storeit/_packaging/bobwai-npm/npm/registry/bobwai--panel-header/-/bobwai--panel-header-2.5.0.tgz#bfaff53c85c83ee0ef65e8e8367cd75fbbcfc8ec"
    integrity sha1-v6/1PIXIPuDvZejoNnzXX7vPyOw=
    dependencies:
      "@bobwai/button" "*"
      "@bobwai/l-stack" "*"
      bobril "*"
      bobril-g11n "*"
      bobwai--color "*"
      bobwai--design-tokens "*"
      bobwai--header-text "*"
      bobwai--icon "*"
      bobwai--icon-svg "*"
      bobwai--l-inline-items "*"
      bobwai--label "*"
      bobwai--state-icon "*"
      bobwai--style-mixins "*"
      bobwai--tooltip-ellipsis "*"
      bobwai--tooltip-emplacer "*"
      helpers--icon-renderer "*"
      helpers--ui-framework-switcher "*"
  
  bobwai--scroll-shadow@*:
    version "3.1.4"
    resolved "https://pkgs.dev.azure.com/storeit/_packaging/bobwai-npm/npm/registry/bobwai--scroll-shadow/-/bobwai--scroll-shadow-3.1.4.tgz#372f9a9ccee0e019077a51a15d33f6cd116ab370"
    integrity sha1-Ny+anM7g4BkHelGhXTP2zRFqs3A=
    dependencies:
      bobril "*"
      bobwai--color "*"
      bobwai--design-tokens "*"
      helpers--browser-identifier "*"
      helpers--scroll-mouse-wheel "*"
      helpers--scrollbar-size "*"
      helpers--ui-framework-switcher "*"
  
  bobwai--sidebar-item-collapsible@*:
    version "4.4.2"
    resolved "https://pkgs.dev.azure.com/storeit/_packaging/bobwai-npm/npm/registry/bobwai--sidebar-item-collapsible/-/bobwai--sidebar-item-collapsible-4.4.2.tgz#1870fcec3b3ef41a99f348c898173c0359d227ae"
    integrity sha1-GHD87Ds+9BqZ80jImBc8A1nSJ64=
    dependencies:
      bobril "*"
      bobwai--animation "*"
      bobwai--animation-frame "*"
      bobwai--color "*"
      bobwai--design-tokens "*"
      bobwai--form-elements "*"
      bobwai--icon "*"
      bobwai--sidebar-item "*"
      helpers--focusable-component "*"
      helpers--key-codes "*"
      helpers--ui-framework-switcher "*"
      helpers--web-content-accessibility "*"
  
  bobwai--sidebar-item@*:
    version "6.0.5"
    resolved "https://pkgs.dev.azure.com/storeit/_packaging/bobwai-npm/npm/registry/bobwai--sidebar-item/-/bobwai--sidebar-item-6.0.5.tgz#20d5773a0fcf28b924867b1a549931ecee21b26a"
    integrity sha1-INV3Og/PKLkkhnsaVJkx7O4hsmo=
    dependencies:
      bobril "*"
      bobwai--color "*"
      bobwai--color-operations "*"
      bobwai--design-tokens "*"
      bobwai--font "*"
      bobwai--form-elements "*"
      bobwai--icon "*"
      bobwai--icon-svg "*"
      bobwai--style-mixins "*"
      bobwai--tooltip-emplacer "*"
      helpers--focusable-component "*"
      helpers--icon-renderer "*"
      helpers--key-codes "*"
      helpers--ui-framework-switcher "*"
      helpers--web-content-accessibility "*"
  
  bobwai--sidebar@^2.0.10:
    version "2.0.10"
    resolved "https://pkgs.dev.azure.com/storeit/_packaging/bobwai-npm/npm/registry/bobwai--sidebar/-/bobwai--sidebar-2.0.10.tgz#d817c57b118feeaf7445839918fd47f43708ffa2"
    integrity sha1-2BfFexGP7q90RYOZGP1H9DcI/6I=
    dependencies:
      bobril "*"
      bobwai--color "*"
      bobwai--design-tokens "*"
      bobwai--sidebar-item "*"
      bobwai--sidebar-item-collapsible "*"
      bobwai--style-mixins "*"
      helpers--ui-framework-switcher "*"
  
  bobwai--state-icon@*:
    version "4.9.1"
    resolved "https://pkgs.dev.azure.com/storeit/_packaging/bobwai-npm/npm/registry/bobwai--state-icon/-/bobwai--state-icon-4.9.1.tgz#35c40c772f633182b2cad49d0afa61d347caf563"
    integrity sha1-NcQMdy9jMYKyytSdCvph00fK9WM=
    dependencies:
      bobril "*"
      bobwai--focus "*"
      bobwai--form-elements "*"
      bobwai--style-mixins "*"
      bobwai--tooltip-emplacer "*"
  
  bobwai--style-mixins@*:
    version "2.5.2"
    resolved "https://pkgs.dev.azure.com/storeit/_packaging/bobwai-npm/npm/registry/bobwai--style-mixins/-/bobwai--style-mixins-2.5.2.tgz#2b11d5afbdda6591f671d43eaf91864a4412f69c"
    integrity sha1-KxHVr73aZZH2cdQ+r5GGSkQS9pw=
    dependencies:
      bobril "*"
      bobwai--color "*"
      bobwai--font "*"
  
  bobwai--tab-item@*:
    version "5.4.0"
    resolved "https://pkgs.dev.azure.com/storeit/_packaging/bobwai-npm/npm/registry/bobwai--tab-item/-/bobwai--tab-item-5.4.0.tgz#953b2133a910579bd568fcb6b98bb474239a30c7"
    integrity sha1-lTshM6kQV5vVaPy2uYu0dCOaMMc=
    dependencies:
      bobril "*"
      bobwai--color "*"
      bobwai--color-operations "*"
      bobwai--font "*"
      bobwai--form-elements "*"
      bobwai--icon "*"
      bobwai--state-icon "*"
      bobwai--style-mixins "*"
      bobwai--tooltip-ellipsis "*"
      bobwai--tooltip-emplacer "*"
      helpers--focusable-component "*"
      helpers--key-codes "*"
      helpers--web-content-accessibility "*"
  
  bobwai--textarea-tagged@*:
    version "2.1.1"
    resolved "https://pkgs.dev.azure.com/storeit/_packaging/bobwai-npm/npm/registry/bobwai--textarea-tagged/-/bobwai--textarea-tagged-2.1.1.tgz#e5b5a60aec566081a3d12433532ac8929cee5c2a"
    integrity sha1-5bWmCuxWYIGj0SQzUyrIkpzuXCo=
    dependencies:
      bobril "*"
      bobril-g11n "*"
      bobwai--avatar "*"
      bobwai--color "*"
      bobwai--font "*"
      bobwai--icon "*"
      bobwai--style-mixins "*"
      bobwai--textarea "*"
  
  bobwai--textarea@*:
    version "7.9.2"
    resolved "https://pkgs.dev.azure.com/storeit/_packaging/bobwai-npm/npm/registry/bobwai--textarea/-/bobwai--textarea-7.9.2.tgz#a9fe7f45f38a1b444be8391be83210aac4ceac62"
    integrity sha1-qf5/RfOKG0RL6Dkb6DIQqsTOrGI=
    dependencies:
      bobril "*"
      bobwai--color "*"
      bobwai--design-tokens "*"
      bobwai--font "*"
      bobwai--form-elements "*"
      bobwai--icon "*"
      bobwai--icon-svg "*"
      bobwai--style-mixins "*"
      helpers--form-context "*"
      helpers--icon-renderer "*"
      helpers--rtl-text "*"
      helpers--ui-framework-switcher "*"
      helpers--web-content-accessibility "*"
  
  bobwai--textbox@*:
    version "6.26.1"
    resolved "https://pkgs.dev.azure.com/storeit/_packaging/bobwai-npm/npm/registry/bobwai--textbox/-/bobwai--textbox-6.26.1.tgz#a9a2ca05a3927b37dd085cf867577e130736075e"
    integrity sha1-qaLKBaOSezfdCFz4Z1d+Ewc2B14=
    dependencies:
      "@bobwai/button" "*"
      bobril "*"
      bobwai--color "*"
      bobwai--design-tokens "*"
      bobwai--font "*"
      bobwai--form-elements "*"
      bobwai--icon "*"
      bobwai--icon-svg "*"
      bobwai--l-center "*"
      bobwai--state-icon "*"
      bobwai--style-mixins "*"
      bobwai--tooltip-emplacer "*"
      helpers--form-context "*"
      helpers--icon-renderer "*"
      helpers--key-codes "*"
      helpers--rtl-text "*"
      helpers--ui-framework-switcher "*"
      helpers--web-content-accessibility "*"
  
  bobwai--toolbar@*:
    version "2.4.2"
    resolved "https://pkgs.dev.azure.com/storeit/_packaging/bobwai-npm/npm/registry/bobwai--toolbar/-/bobwai--toolbar-2.4.2.tgz#71a944b321c26f30fa9f86e2d05a50a769d4e946"
    integrity sha1-calEsyHCbzD6n4bi0FpQp2nU6UY=
    dependencies:
      bobril "*"
      bobwai--action-with-window "*"
      bobwai--color "*"
      bobwai--icon "*"
  
  bobwai--tooltip-ellipsis@*:
    version "3.2.4"
    resolved "https://pkgs.dev.azure.com/storeit/_packaging/bobwai-npm/npm/registry/bobwai--tooltip-ellipsis/-/bobwai--tooltip-ellipsis-3.2.4.tgz#10cba191504724cf6b5d02b38043ee64f49a62d7"
    integrity sha1-EMuhkVBHJM9rXQKzgEPuZPSaYtc=
    dependencies:
      bobril "*"
      bobwai--form-elements "*"
      bobwai--tooltip-emplacer "*"
  
  bobwai--tooltip-emplacer@*:
    version "2.9.3"
    resolved "https://pkgs.dev.azure.com/storeit/_packaging/bobwai-npm/npm/registry/bobwai--tooltip-emplacer/-/bobwai--tooltip-emplacer-2.9.3.tgz#85940f791f350563eb4d688692f81fbc7b35649d"
    integrity sha1-hZQPeR81BWPrTWiGkvgfvHs1ZJ0=
    dependencies:
      bobril "*"
      bobwai--form-elements "*"
      bobwai--tooltip-message "*"
      helpers--equal "*"
      helpers--key-codes "*"
      helpers--ui-framework-switcher "*"
  
  bobwai--tooltip-message@*:
    version "5.0.0"
    resolved "https://pkgs.dev.azure.com/storeit/_packaging/bobwai-npm/npm/registry/bobwai--tooltip-message/-/bobwai--tooltip-message-5.0.0.tgz#90563597dbd5829c1d4acb0b912a175c10f45cd9"
    integrity sha1-kFY1l9vVgpwdSssLkSoXXBD0XNk=
    dependencies:
      bobril "*"
      bobwai--color "*"
      bobwai--design-tokens "*"
      bobwai--font "*"
      bobwai--form-elements "*"
      bobwai--icon "*"
      bobwai--icon-svg "*"
      helpers--rtl-text "*"
      helpers--ui-framework-switcher "*"
  
  bobwai--viewer-container@^4.7.0:
    version "4.7.0"
    resolved "https://pkgs.dev.azure.com/storeit/_packaging/bobwai-npm/npm/registry/bobwai--viewer-container/-/bobwai--viewer-container-4.7.0.tgz#bcdafcf20d1d56cea99dc54d78631525e9f40113"
    integrity sha1-vNr88g0dVs6pncVNeGMVJen0ARM=
    dependencies:
      bobril "*"
      bobwai--design-tokens "*"
      bobwai--font "*"
  
  bobx@^0.29.0:
    version "0.29.0"
    resolved "https://pkgs.dev.azure.com/storeit/_packaging/bobwai-npm/npm/registry/bobx/-/bobx-0.29.0.tgz#d980f4006468bcc01fb8342d186ba162f85fbd6f"
    integrity sha1-2YD0AGRovMAfuDQtGGuhYvhfvW8=
    dependencies:
      bobril "*"
  
  fun-model@6.*:
    version "6.4.0"
    resolved "https://pkgs.dev.azure.com/storeit/_packaging/bobwai-npm/npm/registry/fun-model/-/fun-model-6.4.0.tgz#9e99fe067861bacd7383fbe2f3d67577a2aaf23b"
    integrity sha1-npn+Bnhhus1zg/vi89Z1d6Kq8js=
  
  helpers--browser-identifier@*:
    version "1.0.1"
    resolved "https://pkgs.dev.azure.com/storeit/_packaging/bobwai-npm/npm/registry/helpers--browser-identifier/-/helpers--browser-identifier-1.0.1.tgz#fb44923328d7e6f0e3bc48af7f630cf6820a281d"
    integrity sha1-+0SSMyjX5vDjvEivf2MM9oIKKB0=
    dependencies:
      bobril "*"
  
  helpers--clipboard@*:
    version "1.2.1"
    resolved "https://pkgs.dev.azure.com/storeit/_packaging/bobwai-npm/npm/registry/helpers--clipboard/-/helpers--clipboard-1.2.1.tgz#25121cc7f107764f220c594f112ab393854df245"
    integrity sha1-JRIcx/EHdk8iDFlPESqzk4VN8kU=
    dependencies:
      bobril "*"
  
  helpers--equal@*:
    version "2.0.5"
    resolved "https://pkgs.dev.azure.com/storeit/_packaging/bobwai-npm/npm/registry/helpers--equal/-/helpers--equal-2.0.5.tgz#a9050f84baf0c9de2afe730ac2161d07c1f2be49"
    integrity sha1-qQUPhLrwyd4q/nMKwhYdB8Hyvkk=
    dependencies:
      bobril "*"
  
  helpers--focusable-component@*:
    version "2.0.0"
    resolved "https://pkgs.dev.azure.com/storeit/_packaging/bobwai-npm/npm/registry/helpers--focusable-component/-/helpers--focusable-component-2.0.0.tgz#e41ba29855fb65ce3e2b1f47b9536d6993ca0196"
    integrity sha1-5BuimFX7Zc4+Kx9HuVNtaZPKAZY=
    dependencies:
      bobril "*"
  
  helpers--form-context@*:
    version "0.0.3"
    resolved "https://pkgs.dev.azure.com/storeit/_packaging/bobwai-npm/npm/registry/helpers--form-context/-/helpers--form-context-0.0.3.tgz#15d3c2a068bd608097d26a6fdbf3c95d044a5552"
    integrity sha1-FdPCoGi9YICX0mpv2/PJXQRKVVI=
    dependencies:
      bobril "*"
      bobwai--form-elements "*"
  
  helpers--icon-renderer@*:
    version "0.0.2"
    resolved "https://pkgs.dev.azure.com/storeit/_packaging/bobwai-npm/npm/registry/helpers--icon-renderer/-/helpers--icon-renderer-0.0.2.tgz#0413457bad5c90c52be68069fd9cee019e92df4a"
    integrity sha1-BBNFe61ckMUr5oBp/ZzuAZ6S30o=
    dependencies:
      bobril "*"
      bobwai--icon "*"
      bobwai--icon-svg "*"
  
  helpers--key-codes@*:
    version "1.2.0"
    resolved "https://pkgs.dev.azure.com/storeit/_packaging/bobwai-npm/npm/registry/helpers--key-codes/-/helpers--key-codes-1.2.0.tgz#c1d8b66d8fc80dff80b3cc16d5d818be53ba6194"
    integrity sha1-wdi2bY/IDf+As8wW1dgYvlO6YZQ=
  
  helpers--promise@*:
    version "1.0.5"
    resolved "https://pkgs.dev.azure.com/storeit/_packaging/bobwai-npm/npm/registry/helpers--promise/-/helpers--promise-1.0.5.tgz#42f5409eb7420bb4b2a48acd7f4c5e453310764c"
    integrity sha1-QvVAnrdCC7SypIrNf0xeRTMQdkw=
  
  helpers--rtl-text@*:
    version "2.0.2"
    resolved "https://pkgs.dev.azure.com/storeit/_packaging/bobwai-npm/npm/registry/helpers--rtl-text/-/helpers--rtl-text-2.0.2.tgz#ce2749ca67bb732365a78a14a53cae2e9c3da9c0"
    integrity sha1-zidJyme7cyNlp4oUpTyuLpw9qcA=
    dependencies:
      bobril "*"
      bobwai--form-elements "*"
  
  helpers--scroll-mouse-wheel@*:
    version "1.0.2"
    resolved "https://pkgs.dev.azure.com/storeit/_packaging/bobwai-npm/npm/registry/helpers--scroll-mouse-wheel/-/helpers--scroll-mouse-wheel-1.0.2.tgz#c6e3a62430239ebcf9c9c826efb95ac2cf9e8258"
    integrity sha1-xuOmJDAjnrz5ycgm77laws+eglg=
    dependencies:
      bobril "*"
  
  helpers--scrollbar-size@*:
    version "2.1.2"
    resolved "https://pkgs.dev.azure.com/storeit/_packaging/bobwai-npm/npm/registry/helpers--scrollbar-size/-/helpers--scrollbar-size-2.1.2.tgz#b8ea231de903ec9f8d6928f923e1871af3aca4a8"
    integrity sha1-uOojHekD7J+NaSj5I+GHGvOspKg=
    dependencies:
      bobril "*"
      helpers--browser-identifier "*"
  
  helpers--ui-framework-switcher@*:
    version "1.1.0"
    resolved "https://pkgs.dev.azure.com/storeit/_packaging/bobwai-npm/npm/registry/helpers--ui-framework-switcher/-/helpers--ui-framework-switcher-1.1.0.tgz#85e0a51516b9b6f2e667fd794d5f23cd11b6b257"
    integrity sha1-heClFRa5tvLmZ/15TV8jzRG2slc=
    dependencies:
      bobril "*"
  
  helpers--validations@*:
    version "14.1.0"
    resolved "https://pkgs.dev.azure.com/storeit/_packaging/bobwai-npm/npm/registry/helpers--validations/-/helpers--validations-14.1.0.tgz#b577c18bf8022c2a4492c8630afeb3aa63bbcc3b"
    integrity sha1-tXfBi/gCLCpEkshjCv6zqmO7zDs=
    dependencies:
      bobflux "*"
      bobril "*"
      bobwai--form-elements "*"
      bobwai--tooltip-emplacer "*"
      helpers--promise "*"
  
  helpers--web-content-accessibility@*:
    version "2.10.0"
    resolved "https://pkgs.dev.azure.com/storeit/_packaging/bobwai-npm/npm/registry/helpers--web-content-accessibility/-/helpers--web-content-accessibility-2.10.0.tgz#00b6f431646ac9e602d4242c58bfc5e968bd0d89"
    integrity sha1-ALb0MWRqyeYC1CQsWL/F6Wi9DYk=
    dependencies:
      bobril "*"
      bobwai--form-elements "*"
      bobwai--style-mixins "*"
  
  moment@^2.10.6:
    version "2.29.1"
    resolved "https://pkgs.dev.azure.com/storeit/_packaging/bobwai-npm/npm/registry/moment/-/moment-2.29.1.tgz#b2be769fa31940be9eeea6469c075e35006fa3d3"
    integrity sha1-sr52n6MZQL6e7qZGnAdeNQBvo9M=
